db_0028_5dd1d0a8.pbm 0028
db_0054_5dd1d0a9.pbm T
db_0068_5dd1d0aa.pbm h
db_0069_5dd1d0ab.pbm i
db_0073_5dd1d0ac.pbm s
db_0074_5dd1d0ad.pbm t
db_002e_5dd1d0ad.pbm 002e
db_0062_5dd1d0ae.pbm b
db_0075_5dd1d0af.pbm u
db_006c_5dd1d0b0.pbm l
db_0065_5dd1d0b1.pbm e
db_006f_5dd1d0b2.pbm o
db_0077_5dd1d0b3.pbm w
db_0072_5dd1d0b4.pbm r
db_0063_5dd1d0b5.pbm c
db_006e_5dd1d0b6.pbm n
db_0061_5dd1d0b7.pbm a
db_0064_5dd1d0b8.pbm d
db_0021_5dd1d0b9.pbm 0021
db_0029_5dd1d0ba.pbm 0029
db_0057_5dd1d0bc.pbm W
db_0066_5dd1d0bd.pbm f
db_0079_5dd1d0be.pbm y
db_006d_5dd1d0bf.pbm m
db_0070_5dd1d0c0.pbm p
db_0065_5dd1d0c2.pbm "e'"
db_003f_5dd1d0c3.pbm 003f
db_004f_5dd1d0ca.pbm O
db_0048_5dd1d0cb.pbm H
db_0043_5dd1d0cc.pbm C
db_002d_5dd1d0cd.pbm 002d
db_0078_5dd1d0ce.pbm x
db_002c_5dd1d0d1.pbm 002c
db_0049_5dd1d0d4.pbm I
db_0076_5dd1d0d5.pbm v
db_006b_5dd1d0d7.pbm k
db_0044_5dd1d0d9.pbm D
db_0047_5dd1d0da.pbm G
db_0067_5dd1d0dc.pbm g
db_0046_5dd1d0e0.pbm F
db_007a_5dd1d0e1.pbm z
db_004c_5dd1d0e3.pbm L
db_004d_5dd1d0e5.pbm M
db_006d_5dd1d0ee.pbm "m'"
db_0059_5dd1d0f2.pbm Y
db_0041_5dd1d0f3.pbm A
db_006f_5dd1d138.pbm o
db_0045_5dd1f5c6.pbm E
db_004e_5dd1f5cc.pbm N
db_0042_5dd1f5cd.pbm B
db_0073_5dd1f5cf.pbm "s'"
db_006e_5dd1f5d1.pbm "n'"
db_0050_5dd1f5d3.pbm P
db_0072_5dd1f5d4.pbm "r'"
db_0053_5dd1f5d6.pbm S
db_006a_5dd1f5e1.pbm j
db_004b_5dd1f5e5.pbm K
db_0071_5dd1f5e8.pbm q
db_0027_5dd1f5eb.pbm "'S"
db_0079_5dd1f5ed.pbm "y'"
db_0075_5dd1f5ef.pbm "u'"
db_004a_5dd1f5f2.pbm J
db_0022_5dd1f5fd.pbm 0022
db_002a_5dd1f602.pbm 002a
db_0067_5dd1f609.pbm "g'"
