db_0045_5dd1d0a2.pbm "Ed"
db_0067_5dd1d0a3.pbm g
db_0065_5dd1d0a3.pbm e
db_0077_5dd1d0a4.pbm w
db_006f_5dd1d0a4.pbm o
db_0072_5dd1d0a5.pbm "rt"
db_0068_5dd1d0a7.pbm h
db_0047_5dd1d0c5.pbm G
db_0075_5dd1d0c6.pbm u
db_006d_5dd1d0c6.pbm m
db_0073_5dd1d0c7.pbm s
db_006f_5dd1d0c8.pbm o
db_003f_5dd1d0de.pbm 003f
db_003f_5dd1d0df.pbm 003f
db_0046_5dd1d0e8.pbm F
db_0072_5dd1d0e9.pbm r
db_006e_5dd1d0ea.pbm n
db_0069_5dd1d0eb.pbm i
db_0063_5dd1d0ec.pbm c
db_0073_5dd1d0ed.pbm s
db_0065_5dd1d0f4.pbm e
db_0073_5dd1f5ca.pbm s
db_0067_5dd1f5d8.pbm g
db_004f_5dd1f5d9.pbm O
db_0066_5dd1f5da.pbm f
db_0066_5dd1f5db.pbm f
db_0065_5dd1f5dc.pbm e
db_0072_5dd1f5dd.pbm r
db_0050_5dd1f5f4.pbm P
db_0074_5dd1f5f6.pbm t
db_0061_5dd1f5f7.pbm a
db_0074_5dd1f5f9.pbm t
db_0061_5dd1f5fa.pbm a
db_0073_5dd1f600.pbm s
db_0061_5dd1f607.pbm a
